<html>
<body>
<pre>
<h1>Vision Build Log</h1>
<h2>Project:</h2>
C:\Users\13763\Desktop\自学\EmbeddedStudy2\module\两个蓝牙通讯\Project\RVMDK（uv5）\fly.uvprojx
Project File Date:  06/06/2025

<h2>Output:</h2>
Build target 'Fly'
linking...
Program Size: Code=3840 RO-data=268 RW-data=44 ZI-data=3692  
FromELF: creating hex file...
".\fly.axf" - 0 Error(s), 0 Warning(s).
Load "C:\\Users\\13763\\Desktop\\自学\\EmbeddedStudy2\\module\\两个蓝牙通讯\\Project\\RVMDK（uv5）\\fly.axf" 
Erase Done.
Programming Done.
Verify OK.
Application running ...
</pre>
</body>
</html>
.
Application running ...
\Users\\13763\\Desktop\\自学\\EmbeddedStudy2\\module\\两个蓝牙通讯\\Project\\RVMDK（uv5）\\fly.axf" 
Erase Done.
Programming Done.
Verify OK.
Application running ...
\13763\\Desktop\\自学\\EmbeddedStudy2\\module\\两个蓝牙通讯\\Project\\RVMDK（uv5）\\fly.axf" 
Erase Done.
Programming Done.
Verify OK.
Application running ...
ne.
Verify OK.
Application running ...

compiling stm32f10x_wwdg.c...
compiling main.c...
compiling stm32f10x_it.c...
compiling bsp_debug_usart.c...
compiling bsp_usart_blt.c...
compiling bsp_hc05.c...
compiling delay.c...
linking...
Program Size: Code=3592 RO-data=268 RW-data=24 ZI-data=2664  
FromELF: creating hex file...
".\fly.axf" - 0 Error(s), 0 Warning(s).
Load "C:\\Users\\13763\\Desktop\\自学\\EmbeddedStudy2\\module\\两个蓝牙通讯\\Project\\RVMDK（uv5）\\fly.axf" 
Erase Done.
Programming Done.
Verify OK.
Application running ...
         = USART_Mode_Tx  // 只开 TX
..\..\User\main.c(76): error:  #29: expected an expression
          for (volatile int i = 0; i < 1000000; i++);  // 简单延时
..\..\User\main.c(76): error:  #20: identifier "i" is undefined
          for (volatile int i = 0; i < 1000000; i++);  // 简单延时
..\..\User\main.c(124): warning:  #128-D: loop is not reachable
        while (1)
..\..\User\main.c: 1 warning, 13 errors
".\fly.axf" - 13 Error(s), 1 Warning(s).
Target not created
